19:55:48.393 [main] INFO  api.test.UserTests - ***********************Creating User**************
19:55:52.806 [main] INFO  api.test.UserTests - ***********************User is Created**************
19:55:52.835 [main] INFO  api.test.UserTests - ********** Reading User Info ***************
19:55:54.315 [main] INFO  api.test.UserTests - **********User info  is displayed ***************
19:55:54.320 [main] INFO  api.test.UserTests - ********** Updating User ***************
19:55:56.054 [main] INFO  api.test.UserTests - ********** User updated ***************
19:55:57.697 [main] INFO  api.test.UserTests - **********   Deleting User  ***************
19:55:59.226 [main] INFO  api.test.UserTests - ********** User deleted ***************
20:22:32.757 [main] DEBUG api.test.UserTests - debugging.....
20:22:32.782 [main] INFO  api.test.UserTests - ***********************Creating User**************
20:22:36.960 [main] INFO  api.test.UserTests - ***********************User is Created**************
20:22:36.985 [main] INFO  api.test.UserTests - ********** Reading User Info ***************
20:22:38.620 [main] INFO  api.test.UserTests - **********User info  is displayed ***************
20:22:38.626 [main] INFO  api.test.UserTests - ********** Updating User ***************
20:22:40.291 [main] INFO  api.test.UserTests - ********** User updated ***************
20:22:41.936 [main] INFO  api.test.UserTests - **********   Deleting User  ***************
20:22:43.565 [main] INFO  api.test.UserTests - ********** User deleted ***************
22:41:48.411 [main] DEBUG api.test.UserTests2 - debugging.....
22:41:48.422 [main] INFO  api.test.UserTests2 - ***********************Creating User**************
22:41:51.727 [main] INFO  api.test.UserTests2 - ***********************User is Created**************
22:41:51.753 [main] INFO  api.test.UserTests2 - ********** Reading User Info ***************
22:41:53.068 [main] INFO  api.test.UserTests2 - **********User info  is displayed ***************
22:41:53.070 [main] INFO  api.test.UserTests2 - ********** Updating User ***************
22:41:54.424 [main] INFO  api.test.UserTests2 - ********** User updated ***************
22:41:55.745 [main] INFO  api.test.UserTests2 - **********   Deleting User  ***************
22:41:57.142 [main] INFO  api.test.UserTests2 - ********** User deleted ***************
23:09:01.465 [main] DEBUG api.test.UserTests2 - debugging.....
23:09:01.477 [main] INFO  api.test.UserTests2 - ***********************Creating User**************
23:09:08.261 [main] INFO  api.test.UserTests2 - ***********************User is Created**************
23:09:08.284 [main] INFO  api.test.UserTests2 - ********** Reading User Info ***************
23:09:09.975 [main] INFO  api.test.UserTests2 - **********User info  is displayed ***************
23:09:09.981 [main] INFO  api.test.UserTests2 - ********** Updating User ***************
23:09:11.610 [main] INFO  api.test.UserTests2 - ********** User updated ***************
23:09:13.152 [main] INFO  api.test.UserTests2 - **********   Deleting User  ***************
23:09:14.783 [main] INFO  api.test.UserTests2 - ********** User deleted ***************
18:12:19.070 [main] DEBUG api.test.UserTests2 - debugging.....
18:12:19.080 [main] INFO  api.test.UserTests2 - ***********************Creating User**************
18:12:22.487 [main] INFO  api.test.UserTests2 - ***********************User is Created**************
18:12:22.500 [main] INFO  api.test.UserTests2 - ********** Reading User Info ***************
18:12:23.905 [main] INFO  api.test.UserTests2 - **********User info  is displayed ***************
18:12:23.907 [main] INFO  api.test.UserTests2 - ********** Updating User ***************
18:12:25.385 [main] INFO  api.test.UserTests2 - ********** User updated ***************
18:12:26.743 [main] INFO  api.test.UserTests2 - **********   Deleting User  ***************
18:12:28.103 [main] INFO  api.test.UserTests2 - ********** User deleted ***************
19:09:50.773 [main] DEBUG api.test.UserTests2 - debugging.....
19:09:50.785 [main] INFO  api.test.UserTests2 - ***********************Creating User**************
19:09:57.638 [main] INFO  api.test.UserTests2 - ***********************User is Created**************
19:09:57.650 [main] INFO  api.test.UserTests2 - ********** Reading User Info ***************
19:10:00.327 [main] INFO  api.test.UserTests2 - **********User info  is displayed ***************
19:10:00.328 [main] INFO  api.test.UserTests2 - ********** Updating User ***************
19:10:11.593 [main] INFO  api.test.UserTests2 - ********** User updated ***************
19:10:16.395 [main] INFO  api.test.UserTests2 - **********   Deleting User  ***************
19:10:21.395 [main] INFO  api.test.UserTests2 - ********** User deleted ***************
19:46:08.665 [main] DEBUG api.test.UserTests2 - debugging.....
19:46:08.677 [main] INFO  api.test.UserTests2 - ***********************Creating User**************
19:46:22.482 [main] INFO  api.test.UserTests2 - ********** Reading User Info ***************
19:46:22.517 [main] INFO  api.test.UserTests2 - ********** Updating User ***************
19:46:22.533 [main] INFO  api.test.UserTests2 - **********   Deleting User  ***************
19:47:47.971 [main] DEBUG api.test.UserTests2 - debugging.....
19:47:47.982 [main] INFO  api.test.UserTests2 - ***********************Creating User**************
19:48:01.618 [main] INFO  api.test.UserTests2 - ********** Reading User Info ***************
19:48:01.652 [main] INFO  api.test.UserTests2 - ********** Updating User ***************
19:48:01.671 [main] INFO  api.test.UserTests2 - **********   Deleting User  ***************
19:49:44.436 [main] DEBUG api.test.UserTests2 - debugging.....
19:49:44.463 [main] INFO  api.test.UserTests2 - ***********************Creating User**************
19:49:58.543 [main] INFO  api.test.UserTests2 - ********** Reading User Info ***************
19:49:58.591 [main] INFO  api.test.UserTests2 - ********** Updating User ***************
19:49:58.617 [main] INFO  api.test.UserTests2 - **********   Deleting User  ***************
19:51:32.512 [main] DEBUG api.test.UserTests2 - debugging.....
19:51:32.533 [main] INFO  api.test.UserTests2 - ***********************Creating User**************
19:51:36.871 [main] INFO  api.test.UserTests2 - ***********************User is Created**************
19:51:36.889 [main] INFO  api.test.UserTests2 - ********** Reading User Info ***************
19:51:38.957 [main] INFO  api.test.UserTests2 - **********User info  is displayed ***************
19:51:38.960 [main] INFO  api.test.UserTests2 - ********** Updating User ***************
19:51:41.410 [main] INFO  api.test.UserTests2 - ********** User updated ***************
19:51:44.071 [main] INFO  api.test.UserTests2 - **********   Deleting User  ***************
19:51:46.176 [main] INFO  api.test.UserTests2 - ********** User deleted ***************
19:52:08.593 [main] DEBUG api.test.UserTests2 - debugging.....
19:52:08.615 [main] INFO  api.test.UserTests2 - ***********************Creating User**************
19:52:13.808 [main] INFO  api.test.UserTests2 - ***********************User is Created**************
19:52:13.823 [main] INFO  api.test.UserTests2 - ********** Reading User Info ***************
19:52:15.928 [main] INFO  api.test.UserTests2 - **********User info  is displayed ***************
19:52:15.931 [main] INFO  api.test.UserTests2 - ********** Updating User ***************
19:52:18.375 [main] INFO  api.test.UserTests2 - ********** User updated ***************
19:52:20.468 [main] INFO  api.test.UserTests2 - **********   Deleting User  ***************
19:52:23.186 [main] INFO  api.test.UserTests2 - ********** User deleted ***************
19:52:47.387 [main] DEBUG api.test.UserTests2 - debugging.....
19:52:47.408 [main] INFO  api.test.UserTests2 - ***********************Creating User**************
19:52:52.107 [main] INFO  api.test.UserTests2 - ***********************User is Created**************
19:52:52.124 [main] INFO  api.test.UserTests2 - ********** Reading User Info ***************
19:52:54.633 [main] INFO  api.test.UserTests2 - **********User info  is displayed ***************
19:52:54.635 [main] INFO  api.test.UserTests2 - ********** Updating User ***************
19:52:57.292 [main] INFO  api.test.UserTests2 - ********** User updated ***************
19:52:59.235 [main] INFO  api.test.UserTests2 - **********   Deleting User  ***************
19:53:00.870 [main] INFO  api.test.UserTests2 - ********** User deleted ***************
19:06:26.715 [main] DEBUG api.test.UserTests2 - debugging.....
19:06:26.735 [main] INFO  api.test.UserTests2 - ***********************Creating User**************
19:06:31.944 [main] INFO  api.test.UserTests2 - ***********************User is Created**************
19:06:31.967 [main] INFO  api.test.UserTests2 - ********** Reading User Info ***************
19:06:35.118 [main] INFO  api.test.UserTests2 - **********User info  is displayed ***************
19:06:35.124 [main] INFO  api.test.UserTests2 - ********** Updating User ***************
19:06:37.810 [main] INFO  api.test.UserTests2 - ********** User updated ***************
19:06:40.649 [main] INFO  api.test.UserTests2 - **********   Deleting User  ***************
19:06:43.722 [main] INFO  api.test.UserTests2 - ********** User deleted ***************
19:25:12.511 [main] DEBUG api.test.UserTests2 - debugging.....
19:25:12.525 [main] INFO  api.test.UserTests2 - ***********************Creating User**************
19:25:24.729 [main] INFO  api.test.UserTests2 - ***********************User is Created**************
19:25:24.743 [main] INFO  api.test.UserTests2 - ********** Reading User Info ***************
19:26:26.731 [main] INFO  api.test.UserTests2 - ********** Updating User ***************
19:26:45.214 [main] DEBUG api.test.UserTests2 - debugging.....
19:26:45.236 [main] INFO  api.test.UserTests2 - ***********************Creating User**************
19:27:15.839 [main] INFO  api.test.UserTests2 - ***********************User is Created**************
19:27:15.856 [main] INFO  api.test.UserTests2 - ********** Reading User Info ***************
19:27:19.665 [main] INFO  api.test.UserTests2 - **********User info  is displayed ***************
19:27:19.667 [main] INFO  api.test.UserTests2 - ********** Updating User ***************
19:27:21.418 [main] INFO  api.test.UserTests2 - ********** User updated ***************
19:27:23.301 [main] INFO  api.test.UserTests2 - **********   Deleting User  ***************
19:27:24.862 [main] INFO  api.test.UserTests2 - ********** User deleted ***************
20:18:41.457 [main] DEBUG api.test.UserTests2 - debugging.....
20:18:41.469 [main] INFO  api.test.UserTests2 - ***********************Creating User**************
20:18:45.546 [main] INFO  api.test.UserTests2 - ***********************User is Created**************
20:18:45.560 [main] INFO  api.test.UserTests2 - ********** Reading User Info ***************
20:18:46.996 [main] INFO  api.test.UserTests2 - **********User info  is displayed ***************
20:18:46.998 [main] INFO  api.test.UserTests2 - ********** Updating User ***************
20:18:48.327 [main] INFO  api.test.UserTests2 - ********** User updated ***************
20:18:49.648 [main] INFO  api.test.UserTests2 - **********   Deleting User  ***************
20:18:51.122 [main] INFO  api.test.UserTests2 - ********** User deleted ***************
20:22:10.233 [main] DEBUG api.test.UserTests2 - debugging.....
20:22:10.242 [main] INFO  api.test.UserTests2 - ***********************Creating User**************
20:22:13.736 [main] INFO  api.test.UserTests2 - ***********************User is Created**************
20:22:13.753 [main] INFO  api.test.UserTests2 - ********** Reading User Info ***************
20:22:15.263 [main] INFO  api.test.UserTests2 - **********User info  is displayed ***************
20:22:15.265 [main] INFO  api.test.UserTests2 - ********** Updating User ***************
20:22:16.661 [main] INFO  api.test.UserTests2 - ********** User updated ***************
20:22:17.979 [main] INFO  api.test.UserTests2 - **********   Deleting User  ***************
20:22:19.255 [main] INFO  api.test.UserTests2 - ********** User deleted ***************
21:36:29.695 [main] DEBUG api.test.UserTests2 - debugging.....
21:36:29.706 [main] INFO  api.test.UserTests2 - ***********************Creating User**************
21:36:33.027 [main] INFO  api.test.UserTests2 - ***********************User is Created**************
21:36:33.042 [main] INFO  api.test.UserTests2 - ********** Reading User Info ***************
21:36:34.702 [main] INFO  api.test.UserTests2 - **********User info  is displayed ***************
21:36:34.703 [main] INFO  api.test.UserTests2 - ********** Updating User ***************
21:36:36.178 [main] INFO  api.test.UserTests2 - ********** User updated ***************
21:36:37.662 [main] INFO  api.test.UserTests2 - **********   Deleting User  ***************
21:36:39.179 [main] INFO  api.test.UserTests2 - ********** User deleted ***************
19:06:22.532 [main] DEBUG api.test.UserTests2 - debugging.....
19:06:22.543 [main] INFO  api.test.UserTests2 - ***********************Creating User**************
19:06:27.580 [main] INFO  api.test.UserTests2 - ***********************User is Created**************
19:06:27.599 [main] INFO  api.test.UserTests2 - ********** Reading User Info ***************
19:06:30.120 [main] INFO  api.test.UserTests2 - **********User info  is displayed ***************
19:06:30.121 [main] INFO  api.test.UserTests2 - ********** Updating User ***************
19:06:32.553 [main] INFO  api.test.UserTests2 - ********** User updated ***************
19:06:35.200 [main] INFO  api.test.UserTests2 - **********   Deleting User  ***************
19:06:38.735 [main] INFO  api.test.UserTests2 - ********** User deleted ***************
19:14:08.424 [main] DEBUG api.test.UserTests2 - debugging.....
19:14:08.435 [main] INFO  api.test.UserTests2 - ***********************Creating User**************
19:14:12.656 [main] INFO  api.test.UserTests2 - ***********************User is Created**************
19:14:12.689 [main] INFO  api.test.UserTests2 - ********** Reading User Info ***************
19:14:15.031 [main] INFO  api.test.UserTests2 - **********User info  is displayed ***************
19:14:15.036 [main] INFO  api.test.UserTests2 - ********** Updating User ***************
19:14:17.379 [main] INFO  api.test.UserTests2 - ********** User updated ***************
19:14:19.701 [main] INFO  api.test.UserTests2 - **********   Deleting User  ***************
19:14:21.906 [main] INFO  api.test.UserTests2 - ********** User deleted ***************
22:39:38.611 [main] DEBUG api.test.UserTests2 - debugging.....
22:39:38.622 [main] INFO  api.test.UserTests2 - ***********************Creating User**************
22:39:58.967 [main] INFO  api.test.UserTests2 - ***********************User is Created**************
22:39:59.015 [main] INFO  api.test.UserTests2 - ********** Reading User Info ***************
22:40:03.298 [main] INFO  api.test.UserTests2 - **********User info  is displayed ***************
22:40:03.309 [main] INFO  api.test.UserTests2 - ********** Updating User ***************
22:40:12.278 [main] INFO  api.test.UserTests2 - ********** User updated ***************
22:40:23.355 [main] INFO  api.test.UserTests2 - **********   Deleting User  ***************
22:40:29.350 [main] INFO  api.test.UserTests2 - ********** User deleted ***************
22:41:17.311 [main] DEBUG api.test.UserTests2 - debugging.....
22:41:17.320 [main] INFO  api.test.UserTests2 - ***********************Creating User**************
22:41:23.530 [main] INFO  api.test.UserTests2 - ***********************User is Created**************
22:41:23.547 [main] INFO  api.test.UserTests2 - ********** Reading User Info ***************
22:41:27.134 [main] INFO  api.test.UserTests2 - **********User info  is displayed ***************
22:41:27.137 [main] INFO  api.test.UserTests2 - ********** Updating User ***************
22:41:30.916 [main] INFO  api.test.UserTests2 - ********** User updated ***************
22:41:34.513 [main] INFO  api.test.UserTests2 - **********   Deleting User  ***************
22:41:38.996 [main] INFO  api.test.UserTests2 - ********** User deleted ***************
22:41:53.928 [main] DEBUG api.test.UserTests2 - debugging.....
22:41:53.939 [main] INFO  api.test.UserTests2 - ***********************Creating User**************
22:42:05.673 [main] INFO  api.test.UserTests2 - ***********************User is Created**************
22:42:05.694 [main] INFO  api.test.UserTests2 - ********** Reading User Info ***************
22:42:09.410 [main] INFO  api.test.UserTests2 - **********User info  is displayed ***************
22:42:09.412 [main] INFO  api.test.UserTests2 - ********** Updating User ***************
22:42:12.884 [main] INFO  api.test.UserTests2 - ********** User updated ***************
22:42:15.533 [main] INFO  api.test.UserTests2 - **********   Deleting User  ***************
22:42:17.602 [main] INFO  api.test.UserTests2 - ********** User deleted ***************
19:30:51.604 [main] DEBUG api.test.UserTests2 - debugging.....
19:30:51.621 [main] INFO  api.test.UserTests2 - ***********************Creating User**************
19:30:57.834 [main] INFO  api.test.UserTests2 - ***********************User is Created**************
19:30:57.871 [main] INFO  api.test.UserTests2 - ********** Reading User Info ***************
19:30:59.315 [main] INFO  api.test.UserTests2 - **********User info  is displayed ***************
19:30:59.317 [main] INFO  api.test.UserTests2 - ********** Updating User ***************
19:31:00.993 [main] INFO  api.test.UserTests2 - ********** User updated ***************
19:31:02.361 [main] INFO  api.test.UserTests2 - **********   Deleting User  ***************
19:31:03.652 [main] INFO  api.test.UserTests2 - ********** User deleted ***************
19:32:40.025 [main] DEBUG api.test.UserTests2 - debugging.....
19:32:40.053 [main] INFO  api.test.UserTests2 - ***********************Creating User**************
19:32:46.095 [main] INFO  api.test.UserTests2 - ***********************User is Created**************
19:32:46.136 [main] INFO  api.test.UserTests2 - ********** Reading User Info ***************
19:32:47.801 [main] INFO  api.test.UserTests2 - **********User info  is displayed ***************
19:32:47.804 [main] INFO  api.test.UserTests2 - ********** Updating User ***************
19:32:49.333 [main] INFO  api.test.UserTests2 - ********** User updated ***************
19:32:50.871 [main] INFO  api.test.UserTests2 - **********   Deleting User  ***************
19:32:52.238 [main] INFO  api.test.UserTests2 - ********** User deleted ***************
19:34:12.304 [main] DEBUG api.test.UserTests2 - debugging.....
19:34:12.328 [main] INFO  api.test.UserTests2 - ***********************Creating User**************
19:34:17.973 [main] INFO  api.test.UserTests2 - ***********************User is Created**************
19:34:17.998 [main] INFO  api.test.UserTests2 - ********** Reading User Info ***************
19:34:19.554 [main] INFO  api.test.UserTests2 - **********User info  is displayed ***************
19:34:19.559 [main] INFO  api.test.UserTests2 - ********** Updating User ***************
19:34:21.186 [main] INFO  api.test.UserTests2 - ********** User updated ***************
19:34:22.657 [main] INFO  api.test.UserTests2 - **********   Deleting User  ***************
19:34:24.156 [main] INFO  api.test.UserTests2 - ********** User deleted ***************
19:35:00.663 [main] DEBUG api.test.UserTests2 - debugging.....
19:35:00.692 [main] INFO  api.test.UserTests2 - ***********************Creating User**************
19:35:06.123 [main] INFO  api.test.UserTests2 - ***********************User is Created**************
19:35:06.163 [main] INFO  api.test.UserTests2 - ********** Reading User Info ***************
19:35:07.705 [main] INFO  api.test.UserTests2 - **********User info  is displayed ***************
19:35:07.707 [main] INFO  api.test.UserTests2 - ********** Updating User ***************
19:35:09.118 [main] INFO  api.test.UserTests2 - ********** User updated ***************
19:35:10.549 [main] INFO  api.test.UserTests2 - **********   Deleting User  ***************
19:35:12.082 [main] INFO  api.test.UserTests2 - ********** User deleted ***************
20:02:52.992 [main] DEBUG api.test.UserTests2 - debugging.....
20:02:53.017 [main] INFO  api.test.UserTests2 - ***********************Creating User**************
20:03:00.202 [main] INFO  api.test.UserTests2 - ***********************User is Created**************
20:03:00.240 [main] INFO  api.test.UserTests2 - ********** Reading User Info ***************
20:03:02.483 [main] INFO  api.test.UserTests2 - **********User info  is displayed ***************
20:03:02.486 [main] INFO  api.test.UserTests2 - ********** Updating User ***************
20:03:04.013 [main] INFO  api.test.UserTests2 - ********** User updated ***************
20:03:05.597 [main] INFO  api.test.UserTests2 - **********   Deleting User  ***************
20:03:07.182 [main] INFO  api.test.UserTests2 - ********** User deleted ***************
20:30:39.116 [main] DEBUG api.test.UserTests2 - debugging.....
20:30:39.142 [main] INFO  api.test.UserTests2 - ***********************Creating User**************
20:30:44.808 [main] INFO  api.test.UserTests2 - ***********************User is Created**************
20:30:44.841 [main] INFO  api.test.UserTests2 - ********** Reading User Info ***************
20:30:46.313 [main] INFO  api.test.UserTests2 - **********User info  is displayed ***************
20:30:46.316 [main] INFO  api.test.UserTests2 - ********** Updating User ***************
20:30:47.845 [main] INFO  api.test.UserTests2 - ********** User updated ***************
20:30:49.383 [main] INFO  api.test.UserTests2 - **********   Deleting User  ***************
20:30:50.836 [main] INFO  api.test.UserTests2 - ********** User deleted ***************
21:12:39.256 [main] DEBUG api.test.UserTests2 - debugging.....
21:12:39.264 [main] INFO  api.test.UserTests2 - ***********************Creating User**************
21:12:40.532 [main] INFO  api.test.UserTests2 - ********** Reading User Info ***************
21:12:40.553 [main] INFO  api.test.UserTests2 - ********** Updating User ***************
21:12:40.567 [main] INFO  api.test.UserTests2 - **********   Deleting User  ***************
21:13:12.319 [main] DEBUG api.test.UserTests2 - debugging.....
21:13:12.331 [main] INFO  api.test.UserTests2 - ***********************Creating User**************
21:13:13.781 [main] INFO  api.test.UserTests2 - ********** Reading User Info ***************
21:13:13.804 [main] INFO  api.test.UserTests2 - ********** Updating User ***************
21:13:13.821 [main] INFO  api.test.UserTests2 - **********   Deleting User  ***************
19:51:23.800 [main] DEBUG api.test.UserTests2 - debugging.....
19:51:23.813 [main] INFO  api.test.UserTests2 - ***********************Creating User**************
19:51:30.263 [main] INFO  api.test.UserTests2 - ***********************User is Created**************
19:51:30.307 [main] INFO  api.test.UserTests2 - ********** Reading User Info ***************
19:51:32.009 [main] INFO  api.test.UserTests2 - **********User info  is displayed ***************
19:51:32.012 [main] INFO  api.test.UserTests2 - ********** Updating User ***************
19:51:33.641 [main] INFO  api.test.UserTests2 - ********** User updated ***************
19:51:35.180 [main] INFO  api.test.UserTests2 - **********   Deleting User  ***************
19:51:36.814 [main] INFO  api.test.UserTests2 - ********** User deleted ***************
08:16:36.326 [main] DEBUG api.test.UserTests2 - debugging.....
08:16:36.363 [main] INFO  api.test.UserTests2 - ***********************Creating User**************
08:16:45.321 [main] INFO  api.test.UserTests2 - ***********************User is Created**************
08:16:45.371 [main] INFO  api.test.UserTests2 - ********** Reading User Info ***************
08:16:47.223 [main] INFO  api.test.UserTests2 - **********User info  is displayed ***************
08:16:47.227 [main] INFO  api.test.UserTests2 - ********** Updating User ***************
08:16:49.163 [main] INFO  api.test.UserTests2 - ********** User updated ***************
08:16:50.906 [main] INFO  api.test.UserTests2 - **********   Deleting User  ***************
08:16:52.545 [main] INFO  api.test.UserTests2 - ********** User deleted ***************
14:33:48.981 [main] DEBUG api.test.UserTests2 - debugging.....
14:33:49.017 [main] INFO  api.test.UserTests2 - ***********************Creating User**************
14:33:55.707 [main] INFO  api.test.UserTests2 - ***********************User is Created**************
14:33:55.742 [main] INFO  api.test.UserTests2 - ********** Reading User Info ***************
14:33:57.161 [main] INFO  api.test.UserTests2 - **********User info  is displayed ***************
14:33:57.163 [main] INFO  api.test.UserTests2 - ********** Updating User ***************
14:33:58.517 [main] INFO  api.test.UserTests2 - ********** User updated ***************
14:34:00.065 [main] INFO  api.test.UserTests2 - **********   Deleting User  ***************
14:34:01.690 [main] INFO  api.test.UserTests2 - ********** User deleted ***************
22:57:11.413 [main] DEBUG api.test.UserTests2 - debugging.....
22:57:11.436 [main] INFO  api.test.UserTests2 - ***********************Creating User**************
22:57:15.425 [main] INFO  api.test.UserTests2 - ***********************User is Created**************
22:57:15.445 [main] INFO  api.test.UserTests2 - ********** Reading User Info ***************
22:57:17.148 [main] INFO  api.test.UserTests2 - **********User info  is displayed ***************
22:57:17.153 [main] INFO  api.test.UserTests2 - ********** Updating User ***************
22:57:18.740 [main] INFO  api.test.UserTests2 - ********** User updated ***************
22:57:20.380 [main] INFO  api.test.UserTests2 - **********   Deleting User  ***************
22:57:21.912 [main] INFO  api.test.UserTests2 - ********** User deleted ***************
20:23:30.753 [main] DEBUG api.test.UserTests2 - debugging.....
20:23:30.766 [main] INFO  api.test.UserTests2 - ***********************Creating User**************
20:23:48.138 [main] INFO  api.test.UserTests2 - ***********************User is Created**************
20:23:48.156 [main] INFO  api.test.UserTests2 - ********** Reading User Info ***************
20:24:15.400 [main] INFO  api.test.UserTests2 - **********User info  is displayed ***************
20:24:15.402 [main] INFO  api.test.UserTests2 - ********** Updating User ***************
20:24:36.849 [main] INFO  api.test.UserTests2 - ********** User updated ***************
20:25:39.489 [main] INFO  api.test.UserTests2 - **********   Deleting User  ***************
20:26:51.623 [main] DEBUG api.test.UserTests2 - debugging.....
20:26:51.644 [main] INFO  api.test.UserTests2 - ***********************Creating User**************
20:27:00.928 [main] DEBUG api.test.UserTests2 - debugging.....
20:27:00.945 [main] INFO  api.test.UserTests2 - ***********************Creating User**************
20:27:01.794 [main] INFO  api.test.UserTests2 - ***********************User is Created**************
20:27:01.822 [main] INFO  api.test.UserTests2 - ********** Reading User Info ***************
20:27:05.496 [main] INFO  api.test.UserTests2 - **********User info  is displayed ***************
20:27:05.500 [main] INFO  api.test.UserTests2 - ********** Updating User ***************
20:27:06.040 [main] INFO  api.test.UserTests2 - ***********************User is Created**************
20:27:06.063 [main] INFO  api.test.UserTests2 - ********** Reading User Info ***************
20:27:09.405 [main] INFO  api.test.UserTests2 - ********** User updated ***************
20:27:09.803 [main] INFO  api.test.UserTests2 - **********User info  is displayed ***************
20:27:09.806 [main] INFO  api.test.UserTests2 - ********** Updating User ***************
20:27:11.477 [main] INFO  api.test.UserTests2 - **********   Deleting User  ***************
20:27:11.985 [main] INFO  api.test.UserTests2 - ********** User updated ***************
20:27:13.281 [main] INFO  api.test.UserTests2 - ********** User deleted ***************
20:27:15.079 [main] INFO  api.test.UserTests2 - **********   Deleting User  ***************
20:27:18.743 [main] INFO  api.test.UserTests2 - ********** User deleted ***************
10:08:33.810 [main] DEBUG api.test.UserTests2 - debugging.....
10:08:33.823 [main] INFO  api.test.UserTests2 - ***********************Creating User**************
10:08:37.223 [main] INFO  api.test.UserTests2 - ***********************User is Created**************
10:08:37.243 [main] INFO  api.test.UserTests2 - ********** Reading User Info ***************
10:08:38.638 [main] INFO  api.test.UserTests2 - **********User info  is displayed ***************
10:08:38.640 [main] INFO  api.test.UserTests2 - ********** Updating User ***************
10:08:39.874 [main] INFO  api.test.UserTests2 - ********** User updated ***************
10:08:41.200 [main] INFO  api.test.UserTests2 - **********   Deleting User  ***************
10:08:42.649 [main] INFO  api.test.UserTests2 - ********** User deleted ***************
10:09:31.389 [main] DEBUG api.test.UserTests2 - debugging.....
10:09:31.400 [main] INFO  api.test.UserTests2 - ***********************Creating User**************
10:09:34.471 [main] INFO  api.test.UserTests2 - ***********************User is Created**************
10:09:34.489 [main] INFO  api.test.UserTests2 - ********** Reading User Info ***************
10:09:35.887 [main] INFO  api.test.UserTests2 - **********User info  is displayed ***************
10:09:35.889 [main] INFO  api.test.UserTests2 - ********** Updating User ***************
10:09:37.153 [main] INFO  api.test.UserTests2 - ********** User updated ***************
10:09:38.514 [main] INFO  api.test.UserTests2 - **********   Deleting User  ***************
10:09:39.870 [main] INFO  api.test.UserTests2 - ********** User deleted ***************
21:54:54.073 [main] DEBUG api.test.UserTests2 - debugging.....
21:54:54.095 [main] INFO  api.test.UserTests2 - ***********************Creating User**************
21:55:03.414 [main] INFO  api.test.UserTests2 - ***********************User is Created**************
21:55:03.432 [main] INFO  api.test.UserTests2 - ********** Reading User Info ***************
21:55:07.725 [main] INFO  api.test.UserTests2 - **********User info  is displayed ***************
21:55:07.727 [main] INFO  api.test.UserTests2 - ********** Updating User ***************
21:55:14.019 [main] INFO  api.test.UserTests2 - ********** User updated ***************
21:55:16.276 [main] INFO  api.test.UserTests2 - **********   Deleting User  ***************
21:55:20.125 [main] INFO  api.test.UserTests2 - ********** User deleted ***************
21:45:30.073 [main] DEBUG api.test.UserTests2 - debugging.....
21:45:30.100 [main] INFO  api.test.UserTests2 - ***********************Creating User**************
21:45:31.944 [main] INFO  api.test.UserTests2 - ********** Reading User Info ***************
21:45:32.096 [main] INFO  api.test.UserTests2 - ********** Updating User ***************
21:45:32.117 [main] INFO  api.test.UserTests2 - **********   Deleting User  ***************
21:49:30.180 [main] DEBUG api.test.UserTests2 - debugging.....
21:49:30.193 [main] INFO  api.test.UserTests2 - ***********************Creating User**************
21:49:44.961 [main] INFO  api.test.UserTests2 - ***********************User is Created**************
21:49:44.982 [main] INFO  api.test.UserTests2 - ********** Reading User Info ***************
21:49:56.076 [main] INFO  api.test.UserTests2 - **********User info  is displayed ***************
21:49:56.081 [main] INFO  api.test.UserTests2 - ********** Updating User ***************
21:50:09.243 [main] INFO  api.test.UserTests2 - ********** User updated ***************
21:50:22.119 [main] INFO  api.test.UserTests2 - **********   Deleting User  ***************
21:50:25.312 [main] INFO  api.test.UserTests2 - ********** User deleted ***************
21:29:15.742 [main] DEBUG api.test.UserTests2 - debugging.....
21:29:15.756 [main] INFO  api.test.UserTests2 - ***********************Creating User**************
21:29:19.751 [main] INFO  api.test.UserTests2 - ***********************User is Created**************
21:29:19.778 [main] INFO  api.test.UserTests2 - ********** Reading User Info ***************
21:29:21.495 [main] INFO  api.test.UserTests2 - **********User info  is displayed ***************
21:29:21.497 [main] INFO  api.test.UserTests2 - ********** Updating User ***************
21:29:23.378 [main] INFO  api.test.UserTests2 - ********** User updated ***************
21:29:24.975 [main] INFO  api.test.UserTests2 - **********   Deleting User  ***************
21:29:26.572 [main] INFO  api.test.UserTests2 - ********** User deleted ***************
21:29:39.861 [main] DEBUG api.test.UserTests2 - debugging.....
21:29:39.871 [main] INFO  api.test.UserTests2 - ***********************Creating User**************
21:29:46.673 [main] INFO  api.test.UserTests2 - ***********************User is Created**************
21:29:46.691 [main] INFO  api.test.UserTests2 - ********** Reading User Info ***************
21:29:48.566 [main] INFO  api.test.UserTests2 - **********User info  is displayed ***************
21:29:48.568 [main] INFO  api.test.UserTests2 - ********** Updating User ***************
21:29:50.201 [main] INFO  api.test.UserTests2 - ********** User updated ***************
21:29:52.802 [main] INFO  api.test.UserTests2 - **********   Deleting User  ***************
21:29:58.237 [main] INFO  api.test.UserTests2 - ********** User deleted ***************
19:56:09.889 [main] DEBUG api.test.UserTests2 - debugging.....
19:56:09.922 [main] INFO  api.test.UserTests2 - ***********************Creating User**************
19:56:20.541 [main] INFO  api.test.UserTests2 - ***********************User is Created**************
19:56:20.642 [main] INFO  api.test.UserTests2 - ********** Reading User Info ***************
19:56:22.872 [main] INFO  api.test.UserTests2 - **********User info  is displayed ***************
19:56:22.876 [main] INFO  api.test.UserTests2 - ********** Updating User ***************
19:56:24.914 [main] INFO  api.test.UserTests2 - ********** User updated ***************
19:56:27.012 [main] INFO  api.test.UserTests2 - **********   Deleting User  ***************
19:56:29.011 [main] INFO  api.test.UserTests2 - ********** User deleted ***************
19:57:17.964 [main] DEBUG api.test.UserTests2 - debugging.....
19:57:18.013 [main] INFO  api.test.UserTests2 - ***********************Creating User**************
19:57:30.048 [main] INFO  api.test.UserTests2 - ***********************User is Created**************
19:57:30.156 [main] INFO  api.test.UserTests2 - ********** Reading User Info ***************
19:57:32.212 [main] INFO  api.test.UserTests2 - **********User info  is displayed ***************
19:57:32.220 [main] INFO  api.test.UserTests2 - ********** Updating User ***************
19:57:34.348 [main] INFO  api.test.UserTests2 - ********** User updated ***************
19:57:36.494 [main] INFO  api.test.UserTests2 - **********   Deleting User  ***************
19:57:38.542 [main] INFO  api.test.UserTests2 - ********** User deleted ***************
20:04:58.024 [main] DEBUG api.test.UserTests2 - debugging.....
20:04:58.121 [main] INFO  api.test.UserTests2 - ***********************Creating User**************
20:05:10.832 [main] INFO  api.test.UserTests2 - ***********************User is Created**************
20:05:10.898 [main] INFO  api.test.UserTests2 - ********** Reading User Info ***************
20:05:13.219 [main] INFO  api.test.UserTests2 - **********User info  is displayed ***************
20:05:13.223 [main] INFO  api.test.UserTests2 - ********** Updating User ***************
20:05:15.360 [main] INFO  api.test.UserTests2 - ********** User updated ***************
20:05:17.411 [main] INFO  api.test.UserTests2 - **********   Deleting User  ***************
20:05:19.559 [main] INFO  api.test.UserTests2 - ********** User deleted ***************
09:44:57.524 [main] DEBUG org.apache.poi.openxml4j.opc.PackageRelationshipCollection - Parsing relationship: /xl/_rels/workbook.xml.rels
09:44:57.529 [main] DEBUG org.apache.poi.openxml4j.opc.PackageRelationshipCollection - Parsing relationship: /xl/worksheets/_rels/sheet1.xml.rels
09:44:57.531 [main] DEBUG org.apache.poi.openxml4j.opc.PackageRelationshipCollection - Parsing relationship: /_rels/.rels
09:44:58.110 [main] DEBUG org.apache.poi.openxml4j.opc.PackageRelationshipCollection - Parsing relationship: /xl/_rels/workbook.xml.rels
09:44:58.112 [main] DEBUG org.apache.poi.openxml4j.opc.PackageRelationshipCollection - Parsing relationship: /xl/worksheets/_rels/sheet1.xml.rels
09:44:58.113 [main] DEBUG org.apache.poi.openxml4j.opc.PackageRelationshipCollection - Parsing relationship: /_rels/.rels
09:44:58.140 [main] DEBUG org.apache.poi.openxml4j.opc.PackageRelationshipCollection - Parsing relationship: /xl/_rels/workbook.xml.rels
09:44:58.142 [main] DEBUG org.apache.poi.openxml4j.opc.PackageRelationshipCollection - Parsing relationship: /xl/worksheets/_rels/sheet1.xml.rels
09:44:58.142 [main] DEBUG org.apache.poi.openxml4j.opc.PackageRelationshipCollection - Parsing relationship: /_rels/.rels
09:44:58.198 [main] DEBUG org.apache.poi.openxml4j.opc.PackageRelationshipCollection - Parsing relationship: /xl/_rels/workbook.xml.rels
09:44:58.199 [main] DEBUG org.apache.poi.openxml4j.opc.PackageRelationshipCollection - Parsing relationship: /xl/worksheets/_rels/sheet1.xml.rels
09:44:58.200 [main] DEBUG org.apache.poi.openxml4j.opc.PackageRelationshipCollection - Parsing relationship: /_rels/.rels
09:44:58.220 [main] DEBUG org.apache.poi.openxml4j.opc.PackageRelationshipCollection - Parsing relationship: /xl/_rels/workbook.xml.rels
09:44:58.220 [main] DEBUG org.apache.poi.openxml4j.opc.PackageRelationshipCollection - Parsing relationship: /xl/worksheets/_rels/sheet1.xml.rels
09:44:58.221 [main] DEBUG org.apache.poi.openxml4j.opc.PackageRelationshipCollection - Parsing relationship: /_rels/.rels
09:44:58.234 [main] DEBUG org.apache.poi.openxml4j.opc.PackageRelationshipCollection - Parsing relationship: /xl/_rels/workbook.xml.rels
09:44:58.235 [main] DEBUG org.apache.poi.openxml4j.opc.PackageRelationshipCollection - Parsing relationship: /xl/worksheets/_rels/sheet1.xml.rels
09:44:58.235 [main] DEBUG org.apache.poi.openxml4j.opc.PackageRelationshipCollection - Parsing relationship: /_rels/.rels
09:44:58.249 [main] DEBUG org.apache.poi.openxml4j.opc.PackageRelationshipCollection - Parsing relationship: /xl/_rels/workbook.xml.rels
09:44:58.250 [main] DEBUG org.apache.poi.openxml4j.opc.PackageRelationshipCollection - Parsing relationship: /xl/worksheets/_rels/sheet1.xml.rels
09:44:58.250 [main] DEBUG org.apache.poi.openxml4j.opc.PackageRelationshipCollection - Parsing relationship: /_rels/.rels
09:44:58.264 [main] DEBUG org.apache.poi.openxml4j.opc.PackageRelationshipCollection - Parsing relationship: /xl/_rels/workbook.xml.rels
09:44:58.265 [main] DEBUG org.apache.poi.openxml4j.opc.PackageRelationshipCollection - Parsing relationship: /xl/worksheets/_rels/sheet1.xml.rels
09:44:58.265 [main] DEBUG org.apache.poi.openxml4j.opc.PackageRelationshipCollection - Parsing relationship: /_rels/.rels
09:44:58.285 [main] DEBUG org.apache.poi.openxml4j.opc.PackageRelationshipCollection - Parsing relationship: /xl/_rels/workbook.xml.rels
09:44:58.286 [main] DEBUG org.apache.poi.openxml4j.opc.PackageRelationshipCollection - Parsing relationship: /xl/worksheets/_rels/sheet1.xml.rels
09:44:58.287 [main] DEBUG org.apache.poi.openxml4j.opc.PackageRelationshipCollection - Parsing relationship: /_rels/.rels
09:44:58.306 [main] DEBUG org.apache.poi.openxml4j.opc.PackageRelationshipCollection - Parsing relationship: /xl/_rels/workbook.xml.rels
09:44:58.307 [main] DEBUG org.apache.poi.openxml4j.opc.PackageRelationshipCollection - Parsing relationship: /xl/worksheets/_rels/sheet1.xml.rels
09:44:58.308 [main] DEBUG org.apache.poi.openxml4j.opc.PackageRelationshipCollection - Parsing relationship: /_rels/.rels
09:44:58.330 [main] DEBUG org.apache.poi.openxml4j.opc.PackageRelationshipCollection - Parsing relationship: /xl/_rels/workbook.xml.rels
09:44:58.331 [main] DEBUG org.apache.poi.openxml4j.opc.PackageRelationshipCollection - Parsing relationship: /xl/worksheets/_rels/sheet1.xml.rels
09:44:58.332 [main] DEBUG org.apache.poi.openxml4j.opc.PackageRelationshipCollection - Parsing relationship: /_rels/.rels
09:44:58.351 [main] DEBUG org.apache.poi.openxml4j.opc.PackageRelationshipCollection - Parsing relationship: /xl/_rels/workbook.xml.rels
09:44:58.351 [main] DEBUG org.apache.poi.openxml4j.opc.PackageRelationshipCollection - Parsing relationship: /xl/worksheets/_rels/sheet1.xml.rels
09:44:58.352 [main] DEBUG org.apache.poi.openxml4j.opc.PackageRelationshipCollection - Parsing relationship: /_rels/.rels
09:44:58.367 [main] DEBUG org.apache.poi.openxml4j.opc.PackageRelationshipCollection - Parsing relationship: /xl/_rels/workbook.xml.rels
09:44:58.368 [main] DEBUG org.apache.poi.openxml4j.opc.PackageRelationshipCollection - Parsing relationship: /xl/worksheets/_rels/sheet1.xml.rels
09:44:58.368 [main] DEBUG org.apache.poi.openxml4j.opc.PackageRelationshipCollection - Parsing relationship: /_rels/.rels
09:44:58.384 [main] DEBUG org.apache.poi.openxml4j.opc.PackageRelationshipCollection - Parsing relationship: /xl/_rels/workbook.xml.rels
09:44:58.385 [main] DEBUG org.apache.poi.openxml4j.opc.PackageRelationshipCollection - Parsing relationship: /xl/worksheets/_rels/sheet1.xml.rels
09:44:58.385 [main] DEBUG org.apache.poi.openxml4j.opc.PackageRelationshipCollection - Parsing relationship: /_rels/.rels
09:44:58.402 [main] DEBUG org.apache.poi.openxml4j.opc.PackageRelationshipCollection - Parsing relationship: /xl/_rels/workbook.xml.rels
09:44:58.403 [main] DEBUG org.apache.poi.openxml4j.opc.PackageRelationshipCollection - Parsing relationship: /xl/worksheets/_rels/sheet1.xml.rels
09:44:58.403 [main] DEBUG org.apache.poi.openxml4j.opc.PackageRelationshipCollection - Parsing relationship: /_rels/.rels
09:44:58.420 [main] DEBUG org.apache.poi.openxml4j.opc.PackageRelationshipCollection - Parsing relationship: /xl/_rels/workbook.xml.rels
09:44:58.420 [main] DEBUG org.apache.poi.openxml4j.opc.PackageRelationshipCollection - Parsing relationship: /xl/worksheets/_rels/sheet1.xml.rels
09:44:58.421 [main] DEBUG org.apache.poi.openxml4j.opc.PackageRelationshipCollection - Parsing relationship: /_rels/.rels
09:44:58.439 [main] DEBUG org.apache.poi.openxml4j.opc.PackageRelationshipCollection - Parsing relationship: /xl/_rels/workbook.xml.rels
09:44:58.440 [main] DEBUG org.apache.poi.openxml4j.opc.PackageRelationshipCollection - Parsing relationship: /xl/worksheets/_rels/sheet1.xml.rels
09:44:58.441 [main] DEBUG org.apache.poi.openxml4j.opc.PackageRelationshipCollection - Parsing relationship: /_rels/.rels
09:44:58.456 [main] DEBUG org.apache.poi.openxml4j.opc.PackageRelationshipCollection - Parsing relationship: /xl/_rels/workbook.xml.rels
09:44:58.457 [main] DEBUG org.apache.poi.openxml4j.opc.PackageRelationshipCollection - Parsing relationship: /xl/worksheets/_rels/sheet1.xml.rels
09:44:58.458 [main] DEBUG org.apache.poi.openxml4j.opc.PackageRelationshipCollection - Parsing relationship: /_rels/.rels
09:44:58.470 [main] DEBUG org.apache.poi.openxml4j.opc.PackageRelationshipCollection - Parsing relationship: /xl/_rels/workbook.xml.rels
09:44:58.471 [main] DEBUG org.apache.poi.openxml4j.opc.PackageRelationshipCollection - Parsing relationship: /xl/worksheets/_rels/sheet1.xml.rels
09:44:58.471 [main] DEBUG org.apache.poi.openxml4j.opc.PackageRelationshipCollection - Parsing relationship: /_rels/.rels
09:44:58.482 [main] DEBUG org.apache.poi.openxml4j.opc.PackageRelationshipCollection - Parsing relationship: /xl/_rels/workbook.xml.rels
09:44:58.483 [main] DEBUG org.apache.poi.openxml4j.opc.PackageRelationshipCollection - Parsing relationship: /xl/worksheets/_rels/sheet1.xml.rels
09:44:58.483 [main] DEBUG org.apache.poi.openxml4j.opc.PackageRelationshipCollection - Parsing relationship: /_rels/.rels
09:44:58.494 [main] DEBUG org.apache.poi.openxml4j.opc.PackageRelationshipCollection - Parsing relationship: /xl/_rels/workbook.xml.rels
09:44:58.494 [main] DEBUG org.apache.poi.openxml4j.opc.PackageRelationshipCollection - Parsing relationship: /xl/worksheets/_rels/sheet1.xml.rels
09:44:58.495 [main] DEBUG org.apache.poi.openxml4j.opc.PackageRelationshipCollection - Parsing relationship: /_rels/.rels
09:44:58.505 [main] DEBUG org.apache.poi.openxml4j.opc.PackageRelationshipCollection - Parsing relationship: /xl/_rels/workbook.xml.rels
09:44:58.505 [main] DEBUG org.apache.poi.openxml4j.opc.PackageRelationshipCollection - Parsing relationship: /xl/worksheets/_rels/sheet1.xml.rels
09:44:58.506 [main] DEBUG org.apache.poi.openxml4j.opc.PackageRelationshipCollection - Parsing relationship: /_rels/.rels
09:44:58.515 [main] DEBUG org.apache.poi.openxml4j.opc.PackageRelationshipCollection - Parsing relationship: /xl/_rels/workbook.xml.rels
09:44:58.516 [main] DEBUG org.apache.poi.openxml4j.opc.PackageRelationshipCollection - Parsing relationship: /xl/worksheets/_rels/sheet1.xml.rels
09:44:58.516 [main] DEBUG org.apache.poi.openxml4j.opc.PackageRelationshipCollection - Parsing relationship: /_rels/.rels
09:45:00.500 [main] DEBUG org.apache.poi.openxml4j.opc.PackageRelationshipCollection - Parsing relationship: /xl/_rels/workbook.xml.rels
09:45:00.500 [main] DEBUG org.apache.poi.openxml4j.opc.PackageRelationshipCollection - Parsing relationship: /xl/worksheets/_rels/sheet1.xml.rels
09:45:00.501 [main] DEBUG org.apache.poi.openxml4j.opc.PackageRelationshipCollection - Parsing relationship: /_rels/.rels
09:45:00.520 [main] DEBUG org.apache.poi.openxml4j.opc.PackageRelationshipCollection - Parsing relationship: /xl/_rels/workbook.xml.rels
09:45:00.520 [main] DEBUG org.apache.poi.openxml4j.opc.PackageRelationshipCollection - Parsing relationship: /xl/worksheets/_rels/sheet1.xml.rels
09:45:00.521 [main] DEBUG org.apache.poi.openxml4j.opc.PackageRelationshipCollection - Parsing relationship: /_rels/.rels
09:45:00.537 [main] DEBUG org.apache.poi.openxml4j.opc.PackageRelationshipCollection - Parsing relationship: /xl/_rels/workbook.xml.rels
09:45:00.539 [main] DEBUG org.apache.poi.openxml4j.opc.PackageRelationshipCollection - Parsing relationship: /xl/worksheets/_rels/sheet1.xml.rels
09:45:00.539 [main] DEBUG org.apache.poi.openxml4j.opc.PackageRelationshipCollection - Parsing relationship: /_rels/.rels
09:45:00.556 [main] DEBUG org.apache.poi.openxml4j.opc.PackageRelationshipCollection - Parsing relationship: /xl/_rels/workbook.xml.rels
09:45:00.557 [main] DEBUG org.apache.poi.openxml4j.opc.PackageRelationshipCollection - Parsing relationship: /xl/worksheets/_rels/sheet1.xml.rels
09:45:00.558 [main] DEBUG org.apache.poi.openxml4j.opc.PackageRelationshipCollection - Parsing relationship: /_rels/.rels
10:08:07.555 [main] DEBUG api.test.UserTests2 - debugging.....
10:08:07.568 [main] INFO  api.test.UserTests2 - ***********************Creating User**************
10:08:13.735 [main] INFO  api.test.UserTests2 - ***********************User is Created**************
10:08:13.753 [main] INFO  api.test.UserTests2 - ********** Reading User Info ***************
10:08:15.400 [main] INFO  api.test.UserTests2 - **********User info  is displayed ***************
10:08:15.401 [main] INFO  api.test.UserTests2 - ********** Updating User ***************
10:08:20.681 [main] INFO  api.test.UserTests2 - ********** User updated ***************
10:08:23.791 [main] INFO  api.test.UserTests2 - **********   Deleting User  ***************
10:08:26.279 [main] INFO  api.test.UserTests2 - ********** User deleted ***************
08:35:21.829 [main] DEBUG api.test.UserTests2 - debugging.....
08:35:21.839 [main] INFO  api.test.UserTests2 - ***********************Creating User**************
08:35:34.551 [main] INFO  api.test.UserTests2 - ********** Reading User Info ***************
08:35:34.621 [main] INFO  api.test.UserTests2 - ********** Updating User ***************
08:35:34.667 [main] INFO  api.test.UserTests2 - **********   Deleting User  ***************
08:38:20.635 [main] DEBUG api.test.UserTests2 - debugging.....
08:38:20.665 [main] INFO  api.test.UserTests2 - ***********************Creating User**************
08:38:34.488 [main] INFO  api.test.UserTests2 - ********** Reading User Info ***************
08:38:34.524 [main] INFO  api.test.UserTests2 - ********** Updating User ***************
08:38:34.558 [main] INFO  api.test.UserTests2 - **********   Deleting User  ***************
08:38:39.547 [main] DEBUG api.test.UserTests2 - debugging.....
08:38:39.556 [main] INFO  api.test.UserTests2 - ***********************Creating User**************
08:38:52.161 [main] INFO  api.test.UserTests2 - ********** Reading User Info ***************
08:38:52.219 [main] INFO  api.test.UserTests2 - ********** Updating User ***************
08:38:52.243 [main] INFO  api.test.UserTests2 - **********   Deleting User  ***************
08:39:12.145 [main] DEBUG api.test.UserTests2 - debugging.....
08:39:12.182 [main] INFO  api.test.UserTests2 - ***********************Creating User**************
08:39:25.906 [main] INFO  api.test.UserTests2 - ********** Reading User Info ***************
08:39:25.934 [main] INFO  api.test.UserTests2 - ********** Updating User ***************
