19:55:48.393 [main] INFO  api.test.UserTests - ***********************Creating User**************
19:55:52.806 [main] INFO  api.test.UserTests - ***********************User is Created**************
19:55:52.835 [main] INFO  api.test.UserTests - ********** Reading User Info ***************
19:55:54.315 [main] INFO  api.test.UserTests - **********User info  is displayed ***************
19:55:54.320 [main] INFO  api.test.UserTests - ********** Updating User ***************
19:55:56.054 [main] INFO  api.test.UserTests - ********** User updated ***************
19:55:57.697 [main] INFO  api.test.UserTests - **********   Deleting User  ***************
19:55:59.226 [main] INFO  api.test.UserTests - ********** User deleted ***************
20:22:32.757 [main] DEBUG api.test.UserTests - debugging.....
20:22:32.782 [main] INFO  api.test.UserTests - ***********************Creating User**************
20:22:36.960 [main] INFO  api.test.UserTests - ***********************User is Created**************
20:22:36.985 [main] INFO  api.test.UserTests - ********** Reading User Info ***************
20:22:38.620 [main] INFO  api.test.UserTests - **********User info  is displayed ***************
20:22:38.626 [main] INFO  api.test.UserTests - ********** Updating User ***************
20:22:40.291 [main] INFO  api.test.UserTests - ********** User updated ***************
20:22:41.936 [main] INFO  api.test.UserTests - **********   Deleting User  ***************
20:22:43.565 [main] INFO  api.test.UserTests - ********** User deleted ***************
22:41:48.411 [main] DEBUG api.test.UserTests2 - debugging.....
22:41:48.422 [main] INFO  api.test.UserTests2 - ***********************Creating User**************
22:41:51.727 [main] INFO  api.test.UserTests2 - ***********************User is Created**************
22:41:51.753 [main] INFO  api.test.UserTests2 - ********** Reading User Info ***************
22:41:53.068 [main] INFO  api.test.UserTests2 - **********User info  is displayed ***************
22:41:53.070 [main] INFO  api.test.UserTests2 - ********** Updating User ***************
22:41:54.424 [main] INFO  api.test.UserTests2 - ********** User updated ***************
22:41:55.745 [main] INFO  api.test.UserTests2 - **********   Deleting User  ***************
22:41:57.142 [main] INFO  api.test.UserTests2 - ********** User deleted ***************
23:09:01.465 [main] DEBUG api.test.UserTests2 - debugging.....
23:09:01.477 [main] INFO  api.test.UserTests2 - ***********************Creating User**************
23:09:08.261 [main] INFO  api.test.UserTests2 - ***********************User is Created**************
23:09:08.284 [main] INFO  api.test.UserTests2 - ********** Reading User Info ***************
23:09:09.975 [main] INFO  api.test.UserTests2 - **********User info  is displayed ***************
23:09:09.981 [main] INFO  api.test.UserTests2 - ********** Updating User ***************
23:09:11.610 [main] INFO  api.test.UserTests2 - ********** User updated ***************
23:09:13.152 [main] INFO  api.test.UserTests2 - **********   Deleting User  ***************
23:09:14.783 [main] INFO  api.test.UserTests2 - ********** User deleted ***************
18:12:19.070 [main] DEBUG api.test.UserTests2 - debugging.....
18:12:19.080 [main] INFO  api.test.UserTests2 - ***********************Creating User**************
18:12:22.487 [main] INFO  api.test.UserTests2 - ***********************User is Created**************
18:12:22.500 [main] INFO  api.test.UserTests2 - ********** Reading User Info ***************
18:12:23.905 [main] INFO  api.test.UserTests2 - **********User info  is displayed ***************
18:12:23.907 [main] INFO  api.test.UserTests2 - ********** Updating User ***************
18:12:25.385 [main] INFO  api.test.UserTests2 - ********** User updated ***************
18:12:26.743 [main] INFO  api.test.UserTests2 - **********   Deleting User  ***************
18:12:28.103 [main] INFO  api.test.UserTests2 - ********** User deleted ***************
19:09:50.773 [main] DEBUG api.test.UserTests2 - debugging.....
19:09:50.785 [main] INFO  api.test.UserTests2 - ***********************Creating User**************
19:09:57.638 [main] INFO  api.test.UserTests2 - ***********************User is Created**************
19:09:57.650 [main] INFO  api.test.UserTests2 - ********** Reading User Info ***************
19:10:00.327 [main] INFO  api.test.UserTests2 - **********User info  is displayed ***************
19:10:00.328 [main] INFO  api.test.UserTests2 - ********** Updating User ***************
19:10:11.593 [main] INFO  api.test.UserTests2 - ********** User updated ***************
19:10:16.395 [main] INFO  api.test.UserTests2 - **********   Deleting User  ***************
19:10:21.395 [main] INFO  api.test.UserTests2 - ********** User deleted ***************
19:46:08.665 [main] DEBUG api.test.UserTests2 - debugging.....
19:46:08.677 [main] INFO  api.test.UserTests2 - ***********************Creating User**************
19:46:22.482 [main] INFO  api.test.UserTests2 - ********** Reading User Info ***************
19:46:22.517 [main] INFO  api.test.UserTests2 - ********** Updating User ***************
19:46:22.533 [main] INFO  api.test.UserTests2 - **********   Deleting User  ***************
19:47:47.971 [main] DEBUG api.test.UserTests2 - debugging.....
19:47:47.982 [main] INFO  api.test.UserTests2 - ***********************Creating User**************
19:48:01.618 [main] INFO  api.test.UserTests2 - ********** Reading User Info ***************
19:48:01.652 [main] INFO  api.test.UserTests2 - ********** Updating User ***************
19:48:01.671 [main] INFO  api.test.UserTests2 - **********   Deleting User  ***************
19:49:44.436 [main] DEBUG api.test.UserTests2 - debugging.....
19:49:44.463 [main] INFO  api.test.UserTests2 - ***********************Creating User**************
19:49:58.543 [main] INFO  api.test.UserTests2 - ********** Reading User Info ***************
19:49:58.591 [main] INFO  api.test.UserTests2 - ********** Updating User ***************
19:49:58.617 [main] INFO  api.test.UserTests2 - **********   Deleting User  ***************
19:51:32.512 [main] DEBUG api.test.UserTests2 - debugging.....
19:51:32.533 [main] INFO  api.test.UserTests2 - ***********************Creating User**************
19:51:36.871 [main] INFO  api.test.UserTests2 - ***********************User is Created**************
19:51:36.889 [main] INFO  api.test.UserTests2 - ********** Reading User Info ***************
19:51:38.957 [main] INFO  api.test.UserTests2 - **********User info  is displayed ***************
19:51:38.960 [main] INFO  api.test.UserTests2 - ********** Updating User ***************
19:51:41.410 [main] INFO  api.test.UserTests2 - ********** User updated ***************
19:51:44.071 [main] INFO  api.test.UserTests2 - **********   Deleting User  ***************
19:51:46.176 [main] INFO  api.test.UserTests2 - ********** User deleted ***************
19:52:08.593 [main] DEBUG api.test.UserTests2 - debugging.....
19:52:08.615 [main] INFO  api.test.UserTests2 - ***********************Creating User**************
19:52:13.808 [main] INFO  api.test.UserTests2 - ***********************User is Created**************
19:52:13.823 [main] INFO  api.test.UserTests2 - ********** Reading User Info ***************
19:52:15.928 [main] INFO  api.test.UserTests2 - **********User info  is displayed ***************
19:52:15.931 [main] INFO  api.test.UserTests2 - ********** Updating User ***************
19:52:18.375 [main] INFO  api.test.UserTests2 - ********** User updated ***************
19:52:20.468 [main] INFO  api.test.UserTests2 - **********   Deleting User  ***************
19:52:23.186 [main] INFO  api.test.UserTests2 - ********** User deleted ***************
19:52:47.387 [main] DEBUG api.test.UserTests2 - debugging.....
19:52:47.408 [main] INFO  api.test.UserTests2 - ***********************Creating User**************
19:52:52.107 [main] INFO  api.test.UserTests2 - ***********************User is Created**************
19:52:52.124 [main] INFO  api.test.UserTests2 - ********** Reading User Info ***************
19:52:54.633 [main] INFO  api.test.UserTests2 - **********User info  is displayed ***************
19:52:54.635 [main] INFO  api.test.UserTests2 - ********** Updating User ***************
19:52:57.292 [main] INFO  api.test.UserTests2 - ********** User updated ***************
19:52:59.235 [main] INFO  api.test.UserTests2 - **********   Deleting User  ***************
19:53:00.870 [main] INFO  api.test.UserTests2 - ********** User deleted ***************
19:06:26.715 [main] DEBUG api.test.UserTests2 - debugging.....
19:06:26.735 [main] INFO  api.test.UserTests2 - ***********************Creating User**************
19:06:31.944 [main] INFO  api.test.UserTests2 - ***********************User is Created**************
19:06:31.967 [main] INFO  api.test.UserTests2 - ********** Reading User Info ***************
19:06:35.118 [main] INFO  api.test.UserTests2 - **********User info  is displayed ***************
19:06:35.124 [main] INFO  api.test.UserTests2 - ********** Updating User ***************
19:06:37.810 [main] INFO  api.test.UserTests2 - ********** User updated ***************
19:06:40.649 [main] INFO  api.test.UserTests2 - **********   Deleting User  ***************
19:06:43.722 [main] INFO  api.test.UserTests2 - ********** User deleted ***************
19:25:12.511 [main] DEBUG api.test.UserTests2 - debugging.....
19:25:12.525 [main] INFO  api.test.UserTests2 - ***********************Creating User**************
19:25:24.729 [main] INFO  api.test.UserTests2 - ***********************User is Created**************
19:25:24.743 [main] INFO  api.test.UserTests2 - ********** Reading User Info ***************
19:26:26.731 [main] INFO  api.test.UserTests2 - ********** Updating User ***************
19:26:45.214 [main] DEBUG api.test.UserTests2 - debugging.....
19:26:45.236 [main] INFO  api.test.UserTests2 - ***********************Creating User**************
19:27:15.839 [main] INFO  api.test.UserTests2 - ***********************User is Created**************
19:27:15.856 [main] INFO  api.test.UserTests2 - ********** Reading User Info ***************
19:27:19.665 [main] INFO  api.test.UserTests2 - **********User info  is displayed ***************
19:27:19.667 [main] INFO  api.test.UserTests2 - ********** Updating User ***************
19:27:21.418 [main] INFO  api.test.UserTests2 - ********** User updated ***************
19:27:23.301 [main] INFO  api.test.UserTests2 - **********   Deleting User  ***************
19:27:24.862 [main] INFO  api.test.UserTests2 - ********** User deleted ***************
20:18:41.457 [main] DEBUG api.test.UserTests2 - debugging.....
20:18:41.469 [main] INFO  api.test.UserTests2 - ***********************Creating User**************
20:18:45.546 [main] INFO  api.test.UserTests2 - ***********************User is Created**************
20:18:45.560 [main] INFO  api.test.UserTests2 - ********** Reading User Info ***************
20:18:46.996 [main] INFO  api.test.UserTests2 - **********User info  is displayed ***************
20:18:46.998 [main] INFO  api.test.UserTests2 - ********** Updating User ***************
20:18:48.327 [main] INFO  api.test.UserTests2 - ********** User updated ***************
20:18:49.648 [main] INFO  api.test.UserTests2 - **********   Deleting User  ***************
20:18:51.122 [main] INFO  api.test.UserTests2 - ********** User deleted ***************
20:22:10.233 [main] DEBUG api.test.UserTests2 - debugging.....
20:22:10.242 [main] INFO  api.test.UserTests2 - ***********************Creating User**************
20:22:13.736 [main] INFO  api.test.UserTests2 - ***********************User is Created**************
20:22:13.753 [main] INFO  api.test.UserTests2 - ********** Reading User Info ***************
20:22:15.263 [main] INFO  api.test.UserTests2 - **********User info  is displayed ***************
20:22:15.265 [main] INFO  api.test.UserTests2 - ********** Updating User ***************
20:22:16.661 [main] INFO  api.test.UserTests2 - ********** User updated ***************
20:22:17.979 [main] INFO  api.test.UserTests2 - **********   Deleting User  ***************
20:22:19.255 [main] INFO  api.test.UserTests2 - ********** User deleted ***************
21:36:29.695 [main] DEBUG api.test.UserTests2 - debugging.....
21:36:29.706 [main] INFO  api.test.UserTests2 - ***********************Creating User**************
21:36:33.027 [main] INFO  api.test.UserTests2 - ***********************User is Created**************
21:36:33.042 [main] INFO  api.test.UserTests2 - ********** Reading User Info ***************
21:36:34.702 [main] INFO  api.test.UserTests2 - **********User info  is displayed ***************
21:36:34.703 [main] INFO  api.test.UserTests2 - ********** Updating User ***************
21:36:36.178 [main] INFO  api.test.UserTests2 - ********** User updated ***************
21:36:37.662 [main] INFO  api.test.UserTests2 - **********   Deleting User  ***************
21:36:39.179 [main] INFO  api.test.UserTests2 - ********** User deleted ***************
